2025-11-24 15:43:18 - usuario_id: 1, nodo_id: 1, linea_id: NULL
2025-11-24 15:45:13 - usuario_id: 1, nodo_id: 5, linea_id: NULL
2025-11-24 16:00:49 - usuario_id: 1, nodo_id: 4, linea_id: NULL
2025-11-24 16:07:14 - usuario_id: 1, nodo_id: 2, linea_id: NULL
2025-11-24 17:17:47 - usuario_id: 4, nodo_id: 2, linea_id: NULL
2025-11-24 17:18:21 - usuario_id: 4, nodo_id: 1, linea_id: NULL
2025-11-24 17:36:02 - usuario_id: 4, nodo_id: 2, linea_id: 3
2025-11-24 17:42:05 - usuario_id: 4, nodo_id: 1, linea_id: 1
2025-12-04 20:02:34 - usuario_id: 6, rol: dinamizador, nodo_id: 3, linea_id: NULL
2025-12-04 20:03:07 - usuario_id: 6, rol: dinamizador, nodo_id: 3, linea_id: NULL
2025-12-04 20:04:07 - usuario_id: 6, rol: usuario, nodo_id: 3, linea_id: 1
2025-12-04 20:04:32 - usuario_id: 7, rol: usuario, nodo_id: 4, linea_id: 1
2025-12-04 20:07:00 - usuario_id: 7, rol: admin, nodo_id: 4, linea_id: 1
2025-12-05 18:01:42 - usuario_id: 3, rol: dinamizador, nodo_id: 18, linea_id: NULL
2025-12-05 18:15:14 - usuario_id: 3, rol: dinamizador, nodo_id: 18, linea_id: NULL
2025-12-05 18:34:43 - usuario_id: 4, rol: dinamizador, nodo_id: 3, linea_id: NULL
2025-12-05 20:53:30 - usuario_id: 6, rol: admin, nodo_id: , linea_id: NULL
2025-12-05 20:53:43 - usuario_id: 4, rol: dinamizador, nodo_id: 3, linea_id: NULL
2025-12-05 20:53:51 - usuario_id: 4, rol: dinamizador, nodo_id: 11, linea_id: NULL
2025-12-05 21:02:43 - usuario_id: 4, rol: dinamizador, nodo_id: 18, linea_id: NULL
2025-12-05 21:04:04 - usuario_id: 4, rol: dinamizador, nodo_id: 18, linea_id: NULL
2025-12-05 21:06:21 - usuario_id: 4, rol: dinamizador, nodo_id: 9, linea_id: NULL
2025-12-05 21:10:25 - usuario_id: 7, rol: usuario, nodo_id: 3, linea_id: 1
2026-02-09 18:37:31 - usuario_id: 3, rol: dinamizador, nodo_id: 9, linea_id: NULL
2026-02-13 15:05:08 - usuario_id: 2, rol: usuario, nodo_id: 3, linea_id: 1
2026-02-13 15:13:14 - usuario_id: 2, rol: dinamizador, nodo_id: 3, linea_id: 1
